EDA Netlist Writer report for stx_4_1ch
Wed May 29 21:18:54 2019
Quartus Prime Version 18.1.0 Build 625 09/12/2018 SJ Standard Edition


---------------------
; Table of Contents ;
---------------------
  1. Legal Notice
  2. EDA Netlist Writer Summary
  3. Simulation Settings
  4. Simulation Generated Files
  5. EDA Netlist Writer Messages



----------------
; Legal Notice ;
----------------
Copyright (C) 2018  Intel Corporation. All rights reserved.
Your use of Intel Corporation's design tools, logic functions 
and other software and tools, and its AMPP partner logic 
functions, and any output files from any of the foregoing 
(including device programming or simulation files), and any 
associated documentation or information are expressly subject 
to the terms and conditions of the Intel Program License 
Subscription Agreement, the Intel Quartus Prime License Agreement,
the Intel FPGA IP License Agreement, or other applicable license
agreement, including, without limitation, that your use is for
the sole purpose of programming logic devices manufactured by
Intel and sold by Intel or its authorized distributors.  Please
refer to the applicable agreement for further details.



+-------------------------------------------------------------------+
; EDA Netlist Writer Summary                                        ;
+---------------------------+---------------------------------------+
; EDA Netlist Writer Status ; Successful - Wed May 29 21:18:54 2019 ;
; Revision Name             ; stx_4_1ch                             ;
; Top-level Entity Name     ; XCVR_TOP                              ;
; Family                    ; Arria II GX                           ;
; Simulation Files Creation ; Successful                            ;
+---------------------------+---------------------------------------+


+----------------------------------------------------------------------------------------------------------------------------+
; Simulation Settings                                                                                                        ;
+---------------------------------------------------------------------------------------------------+------------------------+
; Option                                                                                            ; Setting                ;
+---------------------------------------------------------------------------------------------------+------------------------+
; Tool Name                                                                                         ; ModelSim-Altera (VHDL) ;
; Generate functional simulation netlist                                                            ; Off                    ;
; Time scale                                                                                        ; 1 ps                   ;
; Truncate long hierarchy paths                                                                     ; Off                    ;
; Map illegal HDL characters                                                                        ; Off                    ;
; Flatten buses into individual nodes                                                               ; Off                    ;
; Maintain hierarchy                                                                                ; Off                    ;
; Bring out device-wide set/reset signals as ports                                                  ; Off                    ;
; Enable glitch filtering                                                                           ; Off                    ;
; Do not write top level VHDL entity                                                                ; Off                    ;
; Disable detection of setup and hold time violations in the input registers of bi-directional pins ; Off                    ;
; Architecture name in VHDL output netlist                                                          ; structure              ;
; Generate third-party EDA tool command script for RTL functional simulation                        ; Off                    ;
; Generate third-party EDA tool command script for gate-level simulation                            ; Off                    ;
+---------------------------------------------------------------------------------------------------+------------------------+


+--------------------------------------------------------------------------------------------------------------------------------------+
; Simulation Generated Files                                                                                                           ;
+--------------------------------------------------------------------------------------------------------------------------------------+
; Generated Files                                                                                                                      ;
+--------------------------------------------------------------------------------------------------------------------------------------+
; /home/dewei/WorkSpace/BelleII/MyCode/altera/Arria2/MergerGP_opensrc_1ch/U2/simulation/modelsim/stx_4_1ch_3_900mv_100c_slow.vho       ;
; /home/dewei/WorkSpace/BelleII/MyCode/altera/Arria2/MergerGP_opensrc_1ch/U2/simulation/modelsim/stx_4_1ch_3_900mv_-40c_slow.vho       ;
; /home/dewei/WorkSpace/BelleII/MyCode/altera/Arria2/MergerGP_opensrc_1ch/U2/simulation/modelsim/stx_4_1ch_min_900mv_-40c_fast.vho     ;
; /home/dewei/WorkSpace/BelleII/MyCode/altera/Arria2/MergerGP_opensrc_1ch/U2/simulation/modelsim/stx_4_1ch.vho                         ;
; /home/dewei/WorkSpace/BelleII/MyCode/altera/Arria2/MergerGP_opensrc_1ch/U2/simulation/modelsim/stx_4_1ch_3_900mv_100c_vhd_slow.sdo   ;
; /home/dewei/WorkSpace/BelleII/MyCode/altera/Arria2/MergerGP_opensrc_1ch/U2/simulation/modelsim/stx_4_1ch_3_900mv_-40c_vhd_slow.sdo   ;
; /home/dewei/WorkSpace/BelleII/MyCode/altera/Arria2/MergerGP_opensrc_1ch/U2/simulation/modelsim/stx_4_1ch_min_900mv_-40c_vhd_fast.sdo ;
; /home/dewei/WorkSpace/BelleII/MyCode/altera/Arria2/MergerGP_opensrc_1ch/U2/simulation/modelsim/stx_4_1ch_vhd.sdo                     ;
+--------------------------------------------------------------------------------------------------------------------------------------+


+-----------------------------+
; EDA Netlist Writer Messages ;
+-----------------------------+
Info: *******************************************************************
Info: Running Quartus Prime EDA Netlist Writer
    Info: Version 18.1.0 Build 625 09/12/2018 SJ Standard Edition
    Info: Processing started: Wed May 29 21:18:45 2019
Info: Command: quartus_eda --read_settings_files=off --write_settings_files=off arr_2_4ch_U2 -c stx_4_1ch
Warning (18236): Number of processors has not been specified which may cause overloading on shared machines.  Set the global assignment NUM_PARALLEL_PROCESSORS in your QSF to an appropriate value for best performance.
Info (204019): Generated file stx_4_1ch_3_900mv_100c_slow.vho in folder "/home/dewei/WorkSpace/BelleII/MyCode/altera/Arria2/MergerGP_opensrc_1ch/U2/simulation/modelsim/" for EDA simulation tool
Info (204019): Generated file stx_4_1ch_3_900mv_-40c_slow.vho in folder "/home/dewei/WorkSpace/BelleII/MyCode/altera/Arria2/MergerGP_opensrc_1ch/U2/simulation/modelsim/" for EDA simulation tool
Info (204019): Generated file stx_4_1ch_min_900mv_-40c_fast.vho in folder "/home/dewei/WorkSpace/BelleII/MyCode/altera/Arria2/MergerGP_opensrc_1ch/U2/simulation/modelsim/" for EDA simulation tool
Info (204019): Generated file stx_4_1ch.vho in folder "/home/dewei/WorkSpace/BelleII/MyCode/altera/Arria2/MergerGP_opensrc_1ch/U2/simulation/modelsim/" for EDA simulation tool
Info (204019): Generated file stx_4_1ch_3_900mv_100c_vhd_slow.sdo in folder "/home/dewei/WorkSpace/BelleII/MyCode/altera/Arria2/MergerGP_opensrc_1ch/U2/simulation/modelsim/" for EDA simulation tool
Info (204019): Generated file stx_4_1ch_3_900mv_-40c_vhd_slow.sdo in folder "/home/dewei/WorkSpace/BelleII/MyCode/altera/Arria2/MergerGP_opensrc_1ch/U2/simulation/modelsim/" for EDA simulation tool
Info (204019): Generated file stx_4_1ch_min_900mv_-40c_vhd_fast.sdo in folder "/home/dewei/WorkSpace/BelleII/MyCode/altera/Arria2/MergerGP_opensrc_1ch/U2/simulation/modelsim/" for EDA simulation tool
Info (204019): Generated file stx_4_1ch_vhd.sdo in folder "/home/dewei/WorkSpace/BelleII/MyCode/altera/Arria2/MergerGP_opensrc_1ch/U2/simulation/modelsim/" for EDA simulation tool
Info: Quartus Prime EDA Netlist Writer was successful. 0 errors, 1 warning
    Info: Peak virtual memory: 1186 megabytes
    Info: Processing ended: Wed May 29 21:18:54 2019
    Info: Elapsed time: 00:00:09
    Info: Total CPU time (on all processors): 00:00:10


